<?xml version="1.0" encoding="UTF-8"?>
<testng-results ignored="0" total="1" passed="1" failed="0" skipped="0">
  <reporter-output>
  </reporter-output>
  <suite started-at="2024-02-13T08:52:52 IST" name="Default suite" finished-at="2024-02-13T08:53:01 IST" duration-ms="8649">
    <groups>
    </groups>
    <test started-at="2024-02-13T08:52:52 IST" name="Default test" finished-at="2024-02-13T08:53:01 IST" duration-ms="8649">
      <class name="seleniumsessions.com.ActionDemo4">
        <test-method signature="test1()[pri:0, instance:seleniumsessions.com.ActionDemo4@3232a28a]" started-at="2024-02-13T08:52:52 IST" name="test1" finished-at="2024-02-13T08:53:01 IST" duration-ms="8602" status="PASS">
          <reporter-output>
          </reporter-output>
        </test-method> <!-- test1 -->
        <test-method is-config="true" signature="test8()[pri:0, instance:seleniumsessions.com.ActionDemo4@3232a28a]" started-at="2024-02-13T08:53:01 IST" name="test8" finished-at="2024-02-13T08:53:01 IST" duration-ms="96" status="PASS">
          <reporter-output>
          </reporter-output>
        </test-method> <!-- test8 -->
      </class> <!-- seleniumsessions.com.ActionDemo4 -->
    </test> <!-- Default test -->
  </suite> <!-- Default suite -->
</testng-results>
